20:36:28.908 [main] DEBUG org.testng.TestNG -suiteXmlPath: "C:\Users\MOHANI~1\AppData\Local\Temp\testng-eclipse--1145165017\testng-customsuite.xml"
20:36:29.665 [main] INFO  org.testng.internal.Utils -[Utils] MethodGroupsHelper.collectMethodsByGroup() took 3 ms.
20:36:29.673 [main] INFO  org.testng.internal.Utils -[Utils] MethodGroupsHelper.sortMethods() took 6 ms.
20:36:29.676 [main] INFO  org.testng.internal.Utils -[Utils] MethodGroupsHelper.collectMethodsByGroup() took 0 ms.
20:36:29.676 [main] INFO  org.testng.internal.Utils -[Utils] MethodGroupsHelper.sortMethods() took 0 ms.
20:36:29.676 [main] INFO  org.testng.internal.Utils -[Utils] MethodGroupsHelper.collectMethodsByGroup() took 0 ms.
20:36:29.688 [main] INFO  org.testng.internal.Utils -[Utils] MethodGroupsHelper.sortMethods() took 0 ms.
20:36:29.688 [main] INFO  org.testng.internal.Utils -[Utils] MethodGroupsHelper.collectMethodsByGroup() took 0 ms.
20:36:29.690 [main] INFO  org.testng.internal.Utils -[Utils] MethodGroupsHelper.sortMethods() took 0 ms.
20:36:29.698 [main] INFO  org.testng.internal.Utils -[Utils] MethodGroupsHelper.collectMethodsByGroup() took 5 ms.
20:36:29.716 [main] INFO  org.testng.internal.Utils -[Utils] MethodGroupsHelper.sortMethods() took 17 ms.
20:36:29.720 [main] INFO  org.testng.internal.Utils -[Utils] MethodGroupsHelper.collectMethodsByGroup() took 0 ms.
20:36:29.720 [main] INFO  org.testng.internal.Utils -[Utils] MethodGroupsHelper.sortMethods() took 0 ms.
20:36:29.723 [main] INFO  org.testng.internal.Utils -[Utils] MethodGroupsHelper.collectMethodsByGroup() took 0 ms.
20:36:29.724 [main] INFO  org.testng.internal.Utils -[Utils] MethodGroupsHelper.sortMethods() took 0 ms.
20:36:29.724 [main] INFO  org.testng.internal.Utils -[Utils] MethodGroupsHelper.collectMethodsByGroup() took 0 ms.
20:36:29.725 [main] INFO  org.testng.internal.Utils -[Utils] MethodGroupsHelper.sortMethods() took 0 ms.
20:36:29.732 [main] INFO  org.testng.internal.Utils -[Utils] MethodGroupsHelper.collectMethodsByGroup() took 0 ms.
20:36:29.732 [main] INFO  org.testng.internal.Utils -[Utils] MethodGroupsHelper.sortMethods() took 0 ms.
20:36:29.732 [main] INFO  org.testng.internal.Utils -[Utils] MethodGroupsHelper.collectMethodsByGroup() took 0 ms.
20:36:29.732 [main] INFO  org.testng.internal.Utils -[Utils] MethodGroupsHelper.sortMethods() took 0 ms.
20:36:29.742 [main] INFO  org.testng.internal.Utils -[Utils] MethodGroupsHelper.collectMethodsByGroup() took 0 ms.
20:36:29.742 [main] INFO  org.testng.internal.Utils -[Utils] MethodGroupsHelper.sortMethods() took 0 ms.
20:36:29.742 [main] INFO  org.testng.internal.Utils -[Utils] MethodGroupsHelper.collectMethodsByGroup() took 0 ms.
20:36:29.742 [main] INFO  org.testng.internal.Utils -[Utils] MethodGroupsHelper.sortMethods() took 0 ms.
20:36:29.742 [main] INFO  org.testng.internal.Utils -[Utils] MethodGroupsHelper.collectMethodsByGroup() took 0 ms.
20:36:29.742 [main] INFO  org.testng.internal.Utils -[Utils] MethodGroupsHelper.sortMethods() took 0 ms.
20:36:29.750 [main] INFO  org.testng.internal.Utils -[Utils] MethodGroupsHelper.collectMethodsByGroup() took 0 ms.
20:36:29.750 [main] INFO  org.testng.internal.Utils -[Utils] MethodGroupsHelper.sortMethods() took 0 ms.
20:36:29.750 [main] INFO  org.testng.internal.Utils -[Utils] MethodGroupsHelper.collectMethodsByGroup() took 0 ms.
20:36:29.750 [main] INFO  org.testng.internal.Utils -[Utils] MethodGroupsHelper.sortMethods() took 0 ms.
20:36:29.772 [main] INFO  org.testng.internal.Utils -[TestNG] Running:
  C:\Users\Mohanish Ghate\AppData\Local\Temp\testng-eclipse--1145165017\testng-customsuite.xml

20:36:29.806 [main] INFO  org.testng.internal.Utils -[Utils] DynamicGraphHelper.createDynamicGraph() took 8 ms.
20:36:38.033 [main] INFO  testCases.TC001_AccountResgistrationTest -****Starting AccountRegistrationTest****
20:36:39.017 [main] INFO  testCases.TC001_AccountResgistrationTest -Clicked on my account link
20:36:39.796 [main] INFO  testCases.TC001_AccountResgistrationTest -Clicked on register link
20:36:39.804 [main] INFO  testCases.TC001_AccountResgistrationTest -providing customer details
20:36:43.620 [main] INFO  testCases.TC001_AccountResgistrationTest -Validating expected message
20:36:44.610 [main] INFO  org.testng.internal.Utils -[TestNG] Time taken by org.testng.reporters.jq.Main@15fa55a6: 382 ms
20:36:44.614 [main] INFO  org.testng.internal.Utils -[TestNG] Time taken by org.testng.reporters.FailedReporter@4f186450: 0 ms
20:36:44.655 [main] INFO  org.testng.internal.Utils -[TestNG] Time taken by org.testng.reporters.XMLReporter@87abc48: 41 ms
20:36:44.671 [main] INFO  org.testng.internal.Utils -[TestNG] Time taken by org.testng.reporters.EmailableReporter2@61f3fbb8: 16 ms
20:36:44.687 [main] INFO  org.testng.internal.Utils -[TestNG] Time taken by org.testng.reporters.JUnitReportReporter@63da207f: 16 ms
20:36:44.691 [main] INFO  org.testng.internal.Utils -[TestNG] Time taken by org.testng.internal.ExitCodeListener@173373b4: 0 ms
